2020-01-19 13:20:49,837 [myid:] - INFO  [main:QuorumPeerConfig@133] - Reading configuration from: /home/arojit/Documents/JAVA_PRACTICE/spring-boot-kafka-docker/apache-zookeeper-3.5.6-bin/bin/../conf/zoo.cfg
2020-01-19 13:20:49,842 [myid:] - INFO  [main:QuorumPeerConfig@385] - clientPortAddress is 0.0.0.0/0.0.0.0:2181
2020-01-19 13:20:49,842 [myid:] - INFO  [main:QuorumPeerConfig@389] - secureClientPort is not set
2020-01-19 13:20:49,844 [myid:] - INFO  [main:DatadirCleanupManager@78] - autopurge.snapRetainCount set to 3
2020-01-19 13:20:49,844 [myid:] - INFO  [main:DatadirCleanupManager@79] - autopurge.purgeInterval set to 0
2020-01-19 13:20:49,845 [myid:] - INFO  [main:DatadirCleanupManager@101] - Purge task is not scheduled.
2020-01-19 13:20:49,845 [myid:] - WARN  [main:QuorumPeerMain@125] - Either no config or no quorum defined in config, running  in standalone mode
2020-01-19 13:20:49,846 [myid:] - INFO  [main:ManagedUtil@46] - Log4j found with jmx enabled.
2020-01-19 13:20:49,856 [myid:] - INFO  [main:QuorumPeerConfig@133] - Reading configuration from: /home/arojit/Documents/JAVA_PRACTICE/spring-boot-kafka-docker/apache-zookeeper-3.5.6-bin/bin/../conf/zoo.cfg
2020-01-19 13:20:49,857 [myid:] - INFO  [main:QuorumPeerConfig@385] - clientPortAddress is 0.0.0.0/0.0.0.0:2181
2020-01-19 13:20:49,857 [myid:] - INFO  [main:QuorumPeerConfig@389] - secureClientPort is not set
2020-01-19 13:20:49,857 [myid:] - INFO  [main:ZooKeeperServerMain@117] - Starting server
2020-01-19 13:20:49,860 [myid:] - INFO  [main:FileTxnSnapLog@103] - zookeeper.snapshot.trust.empty : false
2020-01-19 13:20:49,930 [myid:] - INFO  [main:Environment@109] - Server environment:zookeeper.version=3.5.6-c11b7e26bc554b8523dc929761dd28808913f091, built on 10/08/2019 20:18 GMT
2020-01-19 13:20:49,931 [myid:] - INFO  [main:Environment@109] - Server environment:host.name=arojit-HP-Pavilion-Notebook
2020-01-19 13:20:49,931 [myid:] - INFO  [main:Environment@109] - Server environment:java.version=1.8.0_201
2020-01-19 13:20:49,935 [myid:] - INFO  [main:Environment@109] - Server environment:java.vendor=Oracle Corporation
2020-01-19 13:20:49,936 [myid:] - INFO  [main:Environment@109] - Server environment:java.home=/usr/lib/jvm/java-8-oracle/jre
2020-01-19 13:20:49,936 [myid:] - INFO  [main:Environment@109] - Server environment:java.class.path=/home/arojit/Documents/JAVA_PRACTICE/spring-boot-kafka-docker/apache-zookeeper-3.5.6-bin/bin/../zookeeper-server/target/classes:/home/arojit/Documents/JAVA_PRACTICE/spring-boot-kafka-docker/apache-zookeeper-3.5.6-bin/bin/../build/classes:/home/arojit/Documents/JAVA_PRACTICE/spring-boot-kafka-docker/apache-zookeeper-3.5.6-bin/bin/../zookeeper-server/target/lib/*.jar:/home/arojit/Documents/JAVA_PRACTICE/spring-boot-kafka-docker/apache-zookeeper-3.5.6-bin/bin/../build/lib/*.jar:/home/arojit/Documents/JAVA_PRACTICE/spring-boot-kafka-docker/apache-zookeeper-3.5.6-bin/bin/../lib/zookeeper-jute-3.5.6.jar:/home/arojit/Documents/JAVA_PRACTICE/spring-boot-kafka-docker/apache-zookeeper-3.5.6-bin/bin/../lib/zookeeper-3.5.6.jar:/home/arojit/Documents/JAVA_PRACTICE/spring-boot-kafka-docker/apache-zookeeper-3.5.6-bin/bin/../lib/slf4j-log4j12-1.7.25.jar:/home/arojit/Documents/JAVA_PRACTICE/spring-boot-kafka-docker/apache-zookeeper-3.5.6-bin/bin/../lib/slf4j-api-1.7.25.jar:/home/arojit/Documents/JAVA_PRACTICE/spring-boot-kafka-docker/apache-zookeeper-3.5.6-bin/bin/../lib/netty-transport-native-unix-common-4.1.42.Final.jar:/home/arojit/Documents/JAVA_PRACTICE/spring-boot-kafka-docker/apache-zookeeper-3.5.6-bin/bin/../lib/netty-transport-native-epoll-4.1.42.Final.jar:/home/arojit/Documents/JAVA_PRACTICE/spring-boot-kafka-docker/apache-zookeeper-3.5.6-bin/bin/../lib/netty-transport-4.1.42.Final.jar:/home/arojit/Documents/JAVA_PRACTICE/spring-boot-kafka-docker/apache-zookeeper-3.5.6-bin/bin/../lib/netty-resolver-4.1.42.Final.jar:/home/arojit/Documents/JAVA_PRACTICE/spring-boot-kafka-docker/apache-zookeeper-3.5.6-bin/bin/../lib/netty-handler-4.1.42.Final.jar:/home/arojit/Documents/JAVA_PRACTICE/spring-boot-kafka-docker/apache-zookeeper-3.5.6-bin/bin/../lib/netty-common-4.1.42.Final.jar:/home/arojit/Documents/JAVA_PRACTICE/spring-boot-kafka-docker/apache-zookeeper-3.5.6-bin/bin/../lib/netty-codec-4.1.42.Final.jar:/home/arojit/Documents/JAVA_PRACTICE/spring-boot-kafka-docker/apache-zookeeper-3.5.6-bin/bin/../lib/netty-buffer-4.1.42.Final.jar:/home/arojit/Documents/JAVA_PRACTICE/spring-boot-kafka-docker/apache-zookeeper-3.5.6-bin/bin/../lib/log4j-1.2.17.jar:/home/arojit/Documents/JAVA_PRACTICE/spring-boot-kafka-docker/apache-zookeeper-3.5.6-bin/bin/../lib/json-simple-1.1.1.jar:/home/arojit/Documents/JAVA_PRACTICE/spring-boot-kafka-docker/apache-zookeeper-3.5.6-bin/bin/../lib/jline-2.11.jar:/home/arojit/Documents/JAVA_PRACTICE/spring-boot-kafka-docker/apache-zookeeper-3.5.6-bin/bin/../lib/jetty-util-9.4.17.v20190418.jar:/home/arojit/Documents/JAVA_PRACTICE/spring-boot-kafka-docker/apache-zookeeper-3.5.6-bin/bin/../lib/jetty-servlet-9.4.17.v20190418.jar:/home/arojit/Documents/JAVA_PRACTICE/spring-boot-kafka-docker/apache-zookeeper-3.5.6-bin/bin/../lib/jetty-server-9.4.17.v20190418.jar:/home/arojit/Documents/JAVA_PRACTICE/spring-boot-kafka-docker/apache-zookeeper-3.5.6-bin/bin/../lib/jetty-security-9.4.17.v20190418.jar:/home/arojit/Documents/JAVA_PRACTICE/spring-boot-kafka-docker/apache-zookeeper-3.5.6-bin/bin/../lib/jetty-io-9.4.17.v20190418.jar:/home/arojit/Documents/JAVA_PRACTICE/spring-boot-kafka-docker/apache-zookeeper-3.5.6-bin/bin/../lib/jetty-http-9.4.17.v20190418.jar:/home/arojit/Documents/JAVA_PRACTICE/spring-boot-kafka-docker/apache-zookeeper-3.5.6-bin/bin/../lib/javax.servlet-api-3.1.0.jar:/home/arojit/Documents/JAVA_PRACTICE/spring-boot-kafka-docker/apache-zookeeper-3.5.6-bin/bin/../lib/jackson-databind-2.9.10.jar:/home/arojit/Documents/JAVA_PRACTICE/spring-boot-kafka-docker/apache-zookeeper-3.5.6-bin/bin/../lib/jackson-core-2.9.10.jar:/home/arojit/Documents/JAVA_PRACTICE/spring-boot-kafka-docker/apache-zookeeper-3.5.6-bin/bin/../lib/jackson-annotations-2.9.10.jar:/home/arojit/Documents/JAVA_PRACTICE/spring-boot-kafka-docker/apache-zookeeper-3.5.6-bin/bin/../lib/commons-cli-1.2.jar:/home/arojit/Documents/JAVA_PRACTICE/spring-boot-kafka-docker/apache-zookeeper-3.5.6-bin/bin/../lib/audience-annotations-0.5.0.jar:/home/arojit/Documents/JAVA_PRACTICE/spring-boot-kafka-docker/apache-zookeeper-3.5.6-bin/bin/../zookeeper-*.jar:/home/arojit/Documents/JAVA_PRACTICE/spring-boot-kafka-docker/apache-zookeeper-3.5.6-bin/bin/../zookeeper-server/src/main/resources/lib/*.jar:/home/arojit/Documents/JAVA_PRACTICE/spring-boot-kafka-docker/apache-zookeeper-3.5.6-bin/bin/../conf:
2020-01-19 13:20:49,937 [myid:] - INFO  [main:Environment@109] - Server environment:java.library.path=/usr/java/packages/lib/amd64:/usr/lib64:/lib64:/lib:/usr/lib
2020-01-19 13:20:49,937 [myid:] - INFO  [main:Environment@109] - Server environment:java.io.tmpdir=/tmp
2020-01-19 13:20:49,937 [myid:] - INFO  [main:Environment@109] - Server environment:java.compiler=<NA>
2020-01-19 13:20:49,938 [myid:] - INFO  [main:Environment@109] - Server environment:os.name=Linux
2020-01-19 13:20:49,938 [myid:] - INFO  [main:Environment@109] - Server environment:os.arch=amd64
2020-01-19 13:20:49,938 [myid:] - INFO  [main:Environment@109] - Server environment:os.version=4.15.0-74-generic
2020-01-19 13:20:49,939 [myid:] - INFO  [main:Environment@109] - Server environment:user.name=root
2020-01-19 13:20:49,939 [myid:] - INFO  [main:Environment@109] - Server environment:user.home=/root
2020-01-19 13:20:49,939 [myid:] - INFO  [main:Environment@109] - Server environment:user.dir=/home/arojit/Documents/JAVA_PRACTICE/spring-boot-kafka-docker/apache-zookeeper-3.5.6-bin/bin
2020-01-19 13:20:49,939 [myid:] - INFO  [main:Environment@109] - Server environment:os.memory.free=168MB
2020-01-19 13:20:49,940 [myid:] - INFO  [main:Environment@109] - Server environment:os.memory.max=889MB
2020-01-19 13:20:49,940 [myid:] - INFO  [main:Environment@109] - Server environment:os.memory.total=178MB
2020-01-19 13:20:49,943 [myid:] - INFO  [main:ZooKeeperServer@938] - minSessionTimeout set to 4000
2020-01-19 13:20:49,944 [myid:] - INFO  [main:ZooKeeperServer@947] - maxSessionTimeout set to 40000
2020-01-19 13:20:49,945 [myid:] - INFO  [main:ZooKeeperServer@166] - Created server with tickTime 2000 minSessionTimeout 4000 maxSessionTimeout 40000 datadir /opt/apache-zookeeper-3.5.6-bin/data/version-2 snapdir /opt/apache-zookeeper-3.5.6-bin/data/version-2
2020-01-19 13:20:50,033 [myid:] - INFO  [main:Log@193] - Logging initialized @510ms to org.eclipse.jetty.util.log.Slf4jLog
2020-01-19 13:20:50,207 [myid:] - WARN  [main:ContextHandler@1588] - o.e.j.s.ServletContextHandler@1e397ed7{/,null,UNAVAILABLE} contextPath ends with /*
2020-01-19 13:20:50,207 [myid:] - WARN  [main:ContextHandler@1599] - Empty contextPath
2020-01-19 13:20:50,218 [myid:] - INFO  [main:Server@370] - jetty-9.4.17.v20190418; built: 2019-04-18T19:45:35.259Z; git: aa1c656c315c011c01e7b21aabb04066635b9f67; jvm 1.8.0_201-b09
2020-01-19 13:20:50,387 [myid:] - INFO  [main:DefaultSessionIdManager@365] - DefaultSessionIdManager workerName=node0
2020-01-19 13:20:50,388 [myid:] - INFO  [main:DefaultSessionIdManager@370] - No SessionScavenger set, using defaults
2020-01-19 13:20:50,392 [myid:] - INFO  [main:HouseKeeper@149] - node0 Scavenging every 660000ms
2020-01-19 13:20:50,407 [myid:] - INFO  [main:ContextHandler@855] - Started o.e.j.s.ServletContextHandler@1e397ed7{/,null,AVAILABLE}
2020-01-19 13:20:50,441 [myid:] - INFO  [main:AbstractConnector@292] - Started ServerConnector@32d992b2{HTTP/1.1,[http/1.1]}{0.0.0.0:8080}
2020-01-19 13:20:50,442 [myid:] - INFO  [main:Server@410] - Started @949ms
2020-01-19 13:20:50,442 [myid:] - INFO  [main:JettyAdminServer@112] - Started AdminServer on address 0.0.0.0, port 8080 and command URL /commands
2020-01-19 13:20:50,451 [myid:] - INFO  [main:ServerCnxnFactory@135] - Using org.apache.zookeeper.server.NIOServerCnxnFactory as server connection factory
2020-01-19 13:20:50,482 [myid:] - INFO  [main:NIOServerCnxnFactory@673] - Configuring NIO connection handler with 10s sessionless connection timeout, 1 selector thread(s), 8 worker threads, and 64 kB direct buffers.
2020-01-19 13:20:50,489 [myid:] - INFO  [main:NIOServerCnxnFactory@686] - binding to port 0.0.0.0/0.0.0.0:2181
2020-01-19 13:20:50,533 [myid:] - INFO  [main:ZKDatabase@117] - zookeeper.snapshotSizeFactor = 0.33
2020-01-19 13:20:50,537 [myid:] - INFO  [main:FileSnap@83] - Reading snapshot /opt/apache-zookeeper-3.5.6-bin/data/version-2/snapshot.1
2020-01-19 13:20:50,603 [myid:] - INFO  [main:FileTxnSnapLog@384] - Snapshotting: 0xa3 to /opt/apache-zookeeper-3.5.6-bin/data/version-2/snapshot.a3
2020-01-19 13:20:50,755 [myid:] - INFO  [main:ContainerManager@64] - Using checkIntervalMs=60000 maxPerMinute=10000
2020-01-19 13:20:58,734 [myid:] - INFO  [SyncThread:0:FileTxnLog@216] - Creating new log file: log.a4
2020-01-19 13:24:21,801 [myid:] - WARN  [NIOWorkerThread-3:NIOServerCnxn@366] - Unable to read additional data from client sessionid 0x1000095abe40000, likely client has closed socket
2020-01-19 13:24:49,787 [myid:] - INFO  [SessionTracker:ZooKeeperServer@398] - Expiring session 0x1000095abe40000, timeout of 30000ms exceeded
