[2020-01-19 15:08:56,488] INFO [GroupMetadataManager brokerId=0] Removed 0 expired offsets in 0 milliseconds. (kafka.coordinator.group.GroupMetadataManager)
[2020-01-19 15:18:56,489] INFO [GroupMetadataManager brokerId=0] Removed 0 expired offsets in 1 milliseconds. (kafka.coordinator.group.GroupMetadataManager)
[2020-01-19 15:23:25,580] INFO [GroupCoordinator 0]: Member[group.instance.id None, member.id consumer-1-eb4d9a7a-5d53-4c0a-a8a2-7547652bdff5] in group g_1 has left, removing it from the group (kafka.coordinator.group.GroupCoordinator)
[2020-01-19 15:23:25,582] INFO [GroupCoordinator 0]: Preparing to rebalance group g_1 in state PreparingRebalance with old generation 1 (__consumer_offsets-27) (reason: removing member consumer-1-eb4d9a7a-5d53-4c0a-a8a2-7547652bdff5 on LeaveGroup) (kafka.coordinator.group.GroupCoordinator)
[2020-01-19 15:23:25,584] INFO [GroupCoordinator 0]: Group g_1 with generation 2 is now empty (__consumer_offsets-27) (kafka.coordinator.group.GroupCoordinator)
[2020-01-19 15:23:34,173] INFO [GroupCoordinator 0]: Preparing to rebalance group g_1 in state PreparingRebalance with old generation 2 (__consumer_offsets-27) (reason: Adding new member consumer-1-6bf73733-e8de-4ad4-b27f-28f94699055b with group instanceid None) (kafka.coordinator.group.GroupCoordinator)
[2020-01-19 15:23:34,174] INFO [GroupCoordinator 0]: Stabilized group g_1 generation 3 (__consumer_offsets-27) (kafka.coordinator.group.GroupCoordinator)
[2020-01-19 15:23:34,179] INFO [GroupCoordinator 0]: Assignment received from leader for group g_1 for generation 3 (kafka.coordinator.group.GroupCoordinator)
[2020-01-19 15:28:56,488] INFO [GroupMetadataManager brokerId=0] Removed 0 expired offsets in 0 milliseconds. (kafka.coordinator.group.GroupMetadataManager)
[2020-01-19 15:33:09,774] INFO [GroupCoordinator 0]: Member[group.instance.id None, member.id consumer-1-6bf73733-e8de-4ad4-b27f-28f94699055b] in group g_1 has left, removing it from the group (kafka.coordinator.group.GroupCoordinator)
[2020-01-19 15:33:09,775] INFO [GroupCoordinator 0]: Preparing to rebalance group g_1 in state PreparingRebalance with old generation 3 (__consumer_offsets-27) (reason: removing member consumer-1-6bf73733-e8de-4ad4-b27f-28f94699055b on LeaveGroup) (kafka.coordinator.group.GroupCoordinator)
[2020-01-19 15:33:09,775] INFO [GroupCoordinator 0]: Group g_1 with generation 4 is now empty (__consumer_offsets-27) (kafka.coordinator.group.GroupCoordinator)
[2020-01-19 15:33:56,415] INFO [GroupCoordinator 0]: Preparing to rebalance group g_1 in state PreparingRebalance with old generation 4 (__consumer_offsets-27) (reason: Adding new member consumer-1-a662f537-1dd1-4cca-ad51-79d0c84bd63f with group instanceid None) (kafka.coordinator.group.GroupCoordinator)
[2020-01-19 15:33:56,416] INFO [GroupCoordinator 0]: Stabilized group g_1 generation 5 (__consumer_offsets-27) (kafka.coordinator.group.GroupCoordinator)
[2020-01-19 15:33:56,421] INFO [GroupCoordinator 0]: Assignment received from leader for group g_1 for generation 5 (kafka.coordinator.group.GroupCoordinator)
[2020-01-19 15:35:47,373] INFO [GroupCoordinator 0]: Member[group.instance.id None, member.id consumer-1-a662f537-1dd1-4cca-ad51-79d0c84bd63f] in group g_1 has left, removing it from the group (kafka.coordinator.group.GroupCoordinator)
[2020-01-19 15:35:47,374] INFO [GroupCoordinator 0]: Preparing to rebalance group g_1 in state PreparingRebalance with old generation 5 (__consumer_offsets-27) (reason: removing member consumer-1-a662f537-1dd1-4cca-ad51-79d0c84bd63f on LeaveGroup) (kafka.coordinator.group.GroupCoordinator)
[2020-01-19 15:35:47,375] INFO [GroupCoordinator 0]: Group g_1 with generation 6 is now empty (__consumer_offsets-27) (kafka.coordinator.group.GroupCoordinator)
[2020-01-19 15:36:32,271] INFO [GroupCoordinator 0]: Preparing to rebalance group g_1 in state PreparingRebalance with old generation 6 (__consumer_offsets-27) (reason: Adding new member consumer-1-bd158b82-4c68-43b8-961d-fae6b39764fd with group instanceid None) (kafka.coordinator.group.GroupCoordinator)
[2020-01-19 15:36:32,272] INFO [GroupCoordinator 0]: Stabilized group g_1 generation 7 (__consumer_offsets-27) (kafka.coordinator.group.GroupCoordinator)
[2020-01-19 15:36:32,276] INFO [GroupCoordinator 0]: Assignment received from leader for group g_1 for generation 7 (kafka.coordinator.group.GroupCoordinator)
[2020-01-19 15:36:43,633] INFO [GroupCoordinator 0]: Member[group.instance.id None, member.id consumer-1-bd158b82-4c68-43b8-961d-fae6b39764fd] in group g_1 has left, removing it from the group (kafka.coordinator.group.GroupCoordinator)
[2020-01-19 15:36:43,634] INFO [GroupCoordinator 0]: Preparing to rebalance group g_1 in state PreparingRebalance with old generation 7 (__consumer_offsets-27) (reason: removing member consumer-1-bd158b82-4c68-43b8-961d-fae6b39764fd on LeaveGroup) (kafka.coordinator.group.GroupCoordinator)
[2020-01-19 15:36:43,634] INFO [GroupCoordinator 0]: Group g_1 with generation 8 is now empty (__consumer_offsets-27) (kafka.coordinator.group.GroupCoordinator)
[2020-01-19 15:38:56,491] INFO [GroupMetadataManager brokerId=0] Removed 0 expired offsets in 3 milliseconds. (kafka.coordinator.group.GroupMetadataManager)
[2020-01-19 15:46:00,792] INFO [GroupCoordinator 0]: Preparing to rebalance group g_1 in state PreparingRebalance with old generation 8 (__consumer_offsets-27) (reason: Adding new member consumer-1-f951c4c5-becd-4e17-90e8-e92004d10ba9 with group instanceid None) (kafka.coordinator.group.GroupCoordinator)
[2020-01-19 15:46:00,793] INFO [GroupCoordinator 0]: Stabilized group g_1 generation 9 (__consumer_offsets-27) (kafka.coordinator.group.GroupCoordinator)
[2020-01-19 15:46:00,799] INFO [GroupCoordinator 0]: Assignment received from leader for group g_1 for generation 9 (kafka.coordinator.group.GroupCoordinator)
[2020-01-19 15:48:56,488] INFO [GroupMetadataManager brokerId=0] Removed 0 expired offsets in 0 milliseconds. (kafka.coordinator.group.GroupMetadataManager)
[2020-01-19 15:49:44,077] INFO [GroupCoordinator 0]: Member[group.instance.id None, member.id consumer-1-f951c4c5-becd-4e17-90e8-e92004d10ba9] in group g_1 has left, removing it from the group (kafka.coordinator.group.GroupCoordinator)
[2020-01-19 15:49:44,078] INFO [GroupCoordinator 0]: Preparing to rebalance group g_1 in state PreparingRebalance with old generation 9 (__consumer_offsets-27) (reason: removing member consumer-1-f951c4c5-becd-4e17-90e8-e92004d10ba9 on LeaveGroup) (kafka.coordinator.group.GroupCoordinator)
[2020-01-19 15:49:44,078] INFO [GroupCoordinator 0]: Group g_1 with generation 10 is now empty (__consumer_offsets-27) (kafka.coordinator.group.GroupCoordinator)
[2020-01-19 15:49:53,240] INFO [GroupCoordinator 0]: Preparing to rebalance group g_1 in state PreparingRebalance with old generation 10 (__consumer_offsets-27) (reason: Adding new member consumer-1-3cd39f69-2a36-4938-a74e-e34b61ec6a6c with group instanceid None) (kafka.coordinator.group.GroupCoordinator)
[2020-01-19 15:49:53,241] INFO [GroupCoordinator 0]: Stabilized group g_1 generation 11 (__consumer_offsets-27) (kafka.coordinator.group.GroupCoordinator)
[2020-01-19 15:49:53,250] INFO [GroupCoordinator 0]: Assignment received from leader for group g_1 for generation 11 (kafka.coordinator.group.GroupCoordinator)
[2020-01-19 15:52:50,514] INFO [GroupCoordinator 0]: Member[group.instance.id None, member.id consumer-1-3cd39f69-2a36-4938-a74e-e34b61ec6a6c] in group g_1 has left, removing it from the group (kafka.coordinator.group.GroupCoordinator)
[2020-01-19 15:52:50,514] INFO [GroupCoordinator 0]: Preparing to rebalance group g_1 in state PreparingRebalance with old generation 11 (__consumer_offsets-27) (reason: removing member consumer-1-3cd39f69-2a36-4938-a74e-e34b61ec6a6c on LeaveGroup) (kafka.coordinator.group.GroupCoordinator)
[2020-01-19 15:52:50,514] INFO [GroupCoordinator 0]: Group g_1 with generation 12 is now empty (__consumer_offsets-27) (kafka.coordinator.group.GroupCoordinator)
[2020-01-19 15:54:54,469] INFO [GroupCoordinator 0]: Preparing to rebalance group g_1 in state PreparingRebalance with old generation 12 (__consumer_offsets-27) (reason: Adding new member consumer-1-bace173c-ae64-4006-8d59-30d529155d6d with group instanceid None) (kafka.coordinator.group.GroupCoordinator)
[2020-01-19 15:54:54,470] INFO [GroupCoordinator 0]: Stabilized group g_1 generation 13 (__consumer_offsets-27) (kafka.coordinator.group.GroupCoordinator)
[2020-01-19 15:54:54,475] INFO [GroupCoordinator 0]: Assignment received from leader for group g_1 for generation 13 (kafka.coordinator.group.GroupCoordinator)
[2020-01-19 15:57:50,728] INFO [GroupCoordinator 0]: Member[group.instance.id None, member.id consumer-1-bace173c-ae64-4006-8d59-30d529155d6d] in group g_1 has left, removing it from the group (kafka.coordinator.group.GroupCoordinator)
[2020-01-19 15:57:50,728] INFO [GroupCoordinator 0]: Preparing to rebalance group g_1 in state PreparingRebalance with old generation 13 (__consumer_offsets-27) (reason: removing member consumer-1-bace173c-ae64-4006-8d59-30d529155d6d on LeaveGroup) (kafka.coordinator.group.GroupCoordinator)
[2020-01-19 15:57:50,728] INFO [GroupCoordinator 0]: Group g_1 with generation 14 is now empty (__consumer_offsets-27) (kafka.coordinator.group.GroupCoordinator)
[2020-01-19 15:57:59,037] INFO [GroupCoordinator 0]: Preparing to rebalance group g_1 in state PreparingRebalance with old generation 14 (__consumer_offsets-27) (reason: Adding new member consumer-1-11e33464-9546-4fe5-8e8c-67991fe66e84 with group instanceid None) (kafka.coordinator.group.GroupCoordinator)
[2020-01-19 15:57:59,038] INFO [GroupCoordinator 0]: Stabilized group g_1 generation 15 (__consumer_offsets-27) (kafka.coordinator.group.GroupCoordinator)
[2020-01-19 15:57:59,042] INFO [GroupCoordinator 0]: Assignment received from leader for group g_1 for generation 15 (kafka.coordinator.group.GroupCoordinator)
[2020-01-19 15:58:56,488] INFO [GroupMetadataManager brokerId=0] Removed 0 expired offsets in 0 milliseconds. (kafka.coordinator.group.GroupMetadataManager)
